<?xml version="1.0" encoding="UTF-8"?>
<!-- Generated by org.testng.reporters.JUnitXMLReporter -->
<testsuite ignored="0" hostname="CNDDLF0524" failures="0" tests="6" name="Functional Testing - Edge" time="138.356" errors="0" timestamp="2022-10-01T22:41:44 IST">
  <testcase classname="com.qa.testscript.TC_JiomartFilters_004" name="ApplyPriceFilter" time="25.516"/>
  <testcase classname="com.qa.testscript.TC_JiomartFilters_007" name="BrandSearchOption" time="21.834"/>
  <testcase classname="com.qa.testscript.TC_JiomartFilters_005" name="ApplyDiscountFilter" time="18.889"/>
  <testcase classname="com.qa.testscript.TC_JiomartFilters_007" name="BrandSearchOption" time="17.622"/>
  <testcase classname="com.qa.testscript.TC_JiomartFilters_007" name="BrandSearchOption" time="17.079"/>
  <testcase classname="com.qa.testscript.TC_JiomartFilters_007" name="BrandSearchOption" time="16.66"/>
</testsuite> <!-- Functional Testing - Edge -->
