<?xml version="1.0" encoding="UTF-8"?>
<!-- Generated by org.testng.reporters.JUnitXMLReporter -->
<testsuite ignored="0" hostname="CNLDLF2586" failures="0" tests="6" name="Functional Testing - Edge" time="21.189" errors="0" timestamp="2023-04-21T12:16:46 IST">
  <testcase classname="com.qa.testscript.TestBase" name="@BeforeClass setUp" time="15.779">
    <failure type="org.openqa.selenium.SessionNotCreatedException" message="session not created: This version of Microsoft Edge WebDriver only supports Microsoft Edge version 114
Current browser version is 112.0.1722.48 with binary path C:\Program Files (x86)\Microsoft\Edge\Application\msedge.exe
Build info: version: &amp;apos;3.141.59&amp;apos;, revision: &amp;apos;e82be7d358&amp;apos;, time: &amp;apos;2018-11-14T08:17:03&amp;apos;
System info: host: &amp;apos;CNLDLF2586&amp;apos;, ip: &amp;apos;192.168.0.15&amp;apos;, os.name: &amp;apos;Windows 11&amp;apos;, os.arch: &amp;apos;amd64&amp;apos;, os.version: &amp;apos;10.0&amp;apos;, java.version: &amp;apos;17.0.3&amp;apos;
Driver info: driver.version: EdgeDriver
remote stacktrace: Backtrace:
	GetHandleVerifier [0x00007FF605AE8FB2+65186]
	Microsoft::Applications::Events::EventProperty::EventProperty [0x00007FF605A7A972+772674]
	(No symbol) [0x00007FF60583C74C]
	(No symbol) [0x00007FF60586FCF3]
	(No symbol) [0x00007FF60586A684]
	(No symbol) [0x00007FF605865D4A]
	(No symbol) [0x00007FF6058A6375]
	(No symbol) [0x00007FF60589E3C3]
	(No symbol) [0x00007FF6058731AC]
	(No symbol) [0x00007FF605872396]
	(No symbol) [0x00007FF605873924]
	Microsoft::Applications::Events::ILogManager::DispatchEventBroadcast [0x00007FF605CC35E3+1306547]
	(No symbol) [0x00007FF6058EE198]
	Microsoft::Applications::Events::EventProperty::EventProperty [0x00007FF6059C68A1+35185]
	Microsoft::Applications::Events::EventProperty::EventProperty [0x00007FF6059BE76F+2111]
	Microsoft::Applications::Events::ILogManager::DispatchEventBroadcast [0x00007FF605CC2253+1301539]
	Microsoft::Applications::Events::ILogConfiguration::operator* [0x00007FF605A82688+20264]
	Microsoft::Applications::Events::ILogConfiguration::operator* [0x00007FF605A7ECC4+5476]
	Microsoft::Applications::Events::ILogConfiguration::operator* [0x00007FF605A7EDBC+5724]
	Microsoft::Applications::Events::EventProperty::EventProperty [0x00007FF605A73301+742353]
	BaseThreadInitThunk [0x00007FFA005B5590+16]
	RtlUserThreadStart [0x00007FFA01FA485B+43]
">
      <![CDATA[org.openqa.selenium.SessionNotCreatedException: session not created: This version of Microsoft Edge WebDriver only supports Microsoft Edge version 114
Current browser version is 112.0.1722.48 with binary path C:\Program Files (x86)\Microsoft\Edge\Application\msedge.exe
Build info: version: '3.141.59', revision: 'e82be7d358', time: '2018-11-14T08:17:03'
System info: host: 'CNLDLF2586', ip: '192.168.0.15', os.name: 'Windows 11', os.arch: 'amd64', os.version: '10.0', java.version: '17.0.3'
Driver info: driver.version: EdgeDriver
remote stacktrace: Backtrace:
GetHandleVerifier [0x00007FF605AE8FB2+65186]
Microsoft::Applications::Events::EventProperty::EventProperty [0x00007FF605A7A972+772674]
(No symbol) [0x00007FF60583C74C]
(No symbol) [0x00007FF60586FCF3]
(No symbol) [0x00007FF60586A684]
(No symbol) [0x00007FF605865D4A]
(No symbol) [0x00007FF6058A6375]
(No symbol) [0x00007FF60589E3C3]
(No symbol) [0x00007FF6058731AC]
(No symbol) [0x00007FF605872396]
(No symbol) [0x00007FF605873924]
Microsoft::Applications::Events::ILogManager::DispatchEventBroadcast [0x00007FF605CC35E3+1306547]
(No symbol) [0x00007FF6058EE198]
Microsoft::Applications::Events::EventProperty::EventProperty [0x00007FF6059C68A1+35185]
Microsoft::Applications::Events::EventProperty::EventProperty [0x00007FF6059BE76F+2111]
Microsoft::Applications::Events::ILogManager::DispatchEventBroadcast [0x00007FF605CC2253+1301539]
Microsoft::Applications::Events::ILogConfiguration::operator* [0x00007FF605A82688+20264]
Microsoft::Applications::Events::ILogConfiguration::operator* [0x00007FF605A7ECC4+5476]
Microsoft::Applications::Events::ILogConfiguration::operator* [0x00007FF605A7EDBC+5724]
Microsoft::Applications::Events::EventProperty::EventProperty [0x00007FF605A73301+742353]
BaseThreadInitThunk [0x00007FFA005B5590+16]
RtlUserThreadStart [0x00007FFA01FA485B+43]

at org.openqa.selenium.remote.W3CHandshakeResponse.lambda$errorHandler$0(W3CHandshakeResponse.java:62)
at org.openqa.selenium.remote.HandshakeResponse.lambda$getResponseFunction$0(HandshakeResponse.java:30)
at org.openqa.selenium.remote.ProtocolHandshake.lambda$createSession$0(ProtocolHandshake.java:126)
at java.base/java.util.stream.ReferencePipeline$3$1.accept(ReferencePipeline.java:197)
at java.base/java.util.Spliterators$ArraySpliterator.tryAdvance(Spliterators.java:1002)
at java.base/java.util.stream.ReferencePipeline.forEachWithCancel(ReferencePipeline.java:129)
at java.base/java.util.stream.AbstractPipeline.copyIntoWithCancel(AbstractPipeline.java:527)
at java.base/java.util.stream.AbstractPipeline.copyInto(AbstractPipeline.java:513)
at java.base/java.util.stream.AbstractPipeline.wrapAndCopyInto(AbstractPipeline.java:499)
at java.base/java.util.stream.FindOps$FindOp.evaluateSequential(FindOps.java:150)
at java.base/java.util.stream.AbstractPipeline.evaluate(AbstractPipeline.java:234)
at java.base/java.util.stream.ReferencePipeline.findFirst(ReferencePipeline.java:647)
at org.openqa.selenium.remote.ProtocolHandshake.createSession(ProtocolHandshake.java:128)
at org.openqa.selenium.remote.ProtocolHandshake.createSession(ProtocolHandshake.java:74)
at org.openqa.selenium.remote.HttpCommandExecutor.execute(HttpCommandExecutor.java:136)
at org.openqa.selenium.remote.service.DriverCommandExecutor.execute(DriverCommandExecutor.java:83)
at org.openqa.selenium.remote.RemoteWebDriver.execute(RemoteWebDriver.java:552)
at org.openqa.selenium.remote.RemoteWebDriver.startSession(RemoteWebDriver.java:213)
at org.openqa.selenium.remote.RemoteWebDriver.<init>(RemoteWebDriver.java:131)
at org.openqa.selenium.edge.EdgeDriver.<init>(EdgeDriver.java:141)
at org.openqa.selenium.edge.EdgeDriver.<init>(EdgeDriver.java:96)
at com.qa.testscript.TestBase.setUp(TestBase.java:34)
at java.base/java.util.concurrent.ThreadPoolExecutor.runWorker(ThreadPoolExecutor.java:1136)
at java.base/java.util.concurrent.ThreadPoolExecutor$Worker.run(ThreadPoolExecutor.java:635)
at java.base/java.lang.Thread.run(Thread.java:833)
... Removed 15 stack frames]]>
    </failure>
  </testcase> <!-- @BeforeClass setUp -->
  <testcase classname="com.qa.testscript.TestBase" name="@BeforeClass setUp" time="16.324">
    <failure type="org.openqa.selenium.SessionNotCreatedException" message="session not created: This version of Microsoft Edge WebDriver only supports Microsoft Edge version 114
Current browser version is 112.0.1722.48 with binary path C:\Program Files (x86)\Microsoft\Edge\Application\msedge.exe
Build info: version: &amp;apos;3.141.59&amp;apos;, revision: &amp;apos;e82be7d358&amp;apos;, time: &amp;apos;2018-11-14T08:17:03&amp;apos;
System info: host: &amp;apos;CNLDLF2586&amp;apos;, ip: &amp;apos;192.168.0.15&amp;apos;, os.name: &amp;apos;Windows 11&amp;apos;, os.arch: &amp;apos;amd64&amp;apos;, os.version: &amp;apos;10.0&amp;apos;, java.version: &amp;apos;17.0.3&amp;apos;
Driver info: driver.version: EdgeDriver
remote stacktrace: Backtrace:
	GetHandleVerifier [0x00007FF605AE8FB2+65186]
	Microsoft::Applications::Events::EventProperty::EventProperty [0x00007FF605A7A972+772674]
	(No symbol) [0x00007FF60583C74C]
	(No symbol) [0x00007FF60586FCF3]
	(No symbol) [0x00007FF60586A684]
	(No symbol) [0x00007FF605865D4A]
	(No symbol) [0x00007FF6058A6375]
	(No symbol) [0x00007FF60589E3C3]
	(No symbol) [0x00007FF6058731AC]
	(No symbol) [0x00007FF605872396]
	(No symbol) [0x00007FF605873924]
	Microsoft::Applications::Events::ILogManager::DispatchEventBroadcast [0x00007FF605CC35E3+1306547]
	(No symbol) [0x00007FF6058EE198]
	Microsoft::Applications::Events::EventProperty::EventProperty [0x00007FF6059C68A1+35185]
	Microsoft::Applications::Events::EventProperty::EventProperty [0x00007FF6059BE76F+2111]
	Microsoft::Applications::Events::ILogManager::DispatchEventBroadcast [0x00007FF605CC2253+1301539]
	Microsoft::Applications::Events::ILogConfiguration::operator* [0x00007FF605A82688+20264]
	Microsoft::Applications::Events::ILogConfiguration::operator* [0x00007FF605A7ECC4+5476]
	Microsoft::Applications::Events::ILogConfiguration::operator* [0x00007FF605A7EDBC+5724]
	Microsoft::Applications::Events::EventProperty::EventProperty [0x00007FF605A73301+742353]
	BaseThreadInitThunk [0x00007FFA005B5590+16]
	RtlUserThreadStart [0x00007FFA01FA485B+43]
">
      <![CDATA[org.openqa.selenium.SessionNotCreatedException: session not created: This version of Microsoft Edge WebDriver only supports Microsoft Edge version 114
Current browser version is 112.0.1722.48 with binary path C:\Program Files (x86)\Microsoft\Edge\Application\msedge.exe
Build info: version: '3.141.59', revision: 'e82be7d358', time: '2018-11-14T08:17:03'
System info: host: 'CNLDLF2586', ip: '192.168.0.15', os.name: 'Windows 11', os.arch: 'amd64', os.version: '10.0', java.version: '17.0.3'
Driver info: driver.version: EdgeDriver
remote stacktrace: Backtrace:
GetHandleVerifier [0x00007FF605AE8FB2+65186]
Microsoft::Applications::Events::EventProperty::EventProperty [0x00007FF605A7A972+772674]
(No symbol) [0x00007FF60583C74C]
(No symbol) [0x00007FF60586FCF3]
(No symbol) [0x00007FF60586A684]
(No symbol) [0x00007FF605865D4A]
(No symbol) [0x00007FF6058A6375]
(No symbol) [0x00007FF60589E3C3]
(No symbol) [0x00007FF6058731AC]
(No symbol) [0x00007FF605872396]
(No symbol) [0x00007FF605873924]
Microsoft::Applications::Events::ILogManager::DispatchEventBroadcast [0x00007FF605CC35E3+1306547]
(No symbol) [0x00007FF6058EE198]
Microsoft::Applications::Events::EventProperty::EventProperty [0x00007FF6059C68A1+35185]
Microsoft::Applications::Events::EventProperty::EventProperty [0x00007FF6059BE76F+2111]
Microsoft::Applications::Events::ILogManager::DispatchEventBroadcast [0x00007FF605CC2253+1301539]
Microsoft::Applications::Events::ILogConfiguration::operator* [0x00007FF605A82688+20264]
Microsoft::Applications::Events::ILogConfiguration::operator* [0x00007FF605A7ECC4+5476]
Microsoft::Applications::Events::ILogConfiguration::operator* [0x00007FF605A7EDBC+5724]
Microsoft::Applications::Events::EventProperty::EventProperty [0x00007FF605A73301+742353]
BaseThreadInitThunk [0x00007FFA005B5590+16]
RtlUserThreadStart [0x00007FFA01FA485B+43]

at org.openqa.selenium.remote.W3CHandshakeResponse.lambda$errorHandler$0(W3CHandshakeResponse.java:62)
at org.openqa.selenium.remote.HandshakeResponse.lambda$getResponseFunction$0(HandshakeResponse.java:30)
at org.openqa.selenium.remote.ProtocolHandshake.lambda$createSession$0(ProtocolHandshake.java:126)
at java.base/java.util.stream.ReferencePipeline$3$1.accept(ReferencePipeline.java:197)
at java.base/java.util.Spliterators$ArraySpliterator.tryAdvance(Spliterators.java:1002)
at java.base/java.util.stream.ReferencePipeline.forEachWithCancel(ReferencePipeline.java:129)
at java.base/java.util.stream.AbstractPipeline.copyIntoWithCancel(AbstractPipeline.java:527)
at java.base/java.util.stream.AbstractPipeline.copyInto(AbstractPipeline.java:513)
at java.base/java.util.stream.AbstractPipeline.wrapAndCopyInto(AbstractPipeline.java:499)
at java.base/java.util.stream.FindOps$FindOp.evaluateSequential(FindOps.java:150)
at java.base/java.util.stream.AbstractPipeline.evaluate(AbstractPipeline.java:234)
at java.base/java.util.stream.ReferencePipeline.findFirst(ReferencePipeline.java:647)
at org.openqa.selenium.remote.ProtocolHandshake.createSession(ProtocolHandshake.java:128)
at org.openqa.selenium.remote.ProtocolHandshake.createSession(ProtocolHandshake.java:74)
at org.openqa.selenium.remote.HttpCommandExecutor.execute(HttpCommandExecutor.java:136)
at org.openqa.selenium.remote.service.DriverCommandExecutor.execute(DriverCommandExecutor.java:83)
at org.openqa.selenium.remote.RemoteWebDriver.execute(RemoteWebDriver.java:552)
at org.openqa.selenium.remote.RemoteWebDriver.startSession(RemoteWebDriver.java:213)
at org.openqa.selenium.remote.RemoteWebDriver.<init>(RemoteWebDriver.java:131)
at org.openqa.selenium.edge.EdgeDriver.<init>(EdgeDriver.java:141)
at org.openqa.selenium.edge.EdgeDriver.<init>(EdgeDriver.java:96)
at com.qa.testscript.TestBase.setUp(TestBase.java:34)
at java.base/java.util.concurrent.ThreadPoolExecutor.runWorker(ThreadPoolExecutor.java:1136)
at java.base/java.util.concurrent.ThreadPoolExecutor$Worker.run(ThreadPoolExecutor.java:635)
at java.base/java.lang.Thread.run(Thread.java:833)
... Removed 15 stack frames]]>
    </failure>
  </testcase> <!-- @BeforeClass setUp -->
  <testcase classname="com.qa.testscript.TestBase" name="@AfterClass tearDown" time="-1.682059602042E9">
    <skipped/>
  </testcase> <!-- @AfterClass tearDown -->
  <testcase classname="com.qa.testscript.TestBase" name="@BeforeClass setUp" time="16.764">
    <failure type="org.openqa.selenium.SessionNotCreatedException" message="session not created: This version of Microsoft Edge WebDriver only supports Microsoft Edge version 114
Current browser version is 112.0.1722.48 with binary path C:\Program Files (x86)\Microsoft\Edge\Application\msedge.exe
Build info: version: &amp;apos;3.141.59&amp;apos;, revision: &amp;apos;e82be7d358&amp;apos;, time: &amp;apos;2018-11-14T08:17:03&amp;apos;
System info: host: &amp;apos;CNLDLF2586&amp;apos;, ip: &amp;apos;192.168.0.15&amp;apos;, os.name: &amp;apos;Windows 11&amp;apos;, os.arch: &amp;apos;amd64&amp;apos;, os.version: &amp;apos;10.0&amp;apos;, java.version: &amp;apos;17.0.3&amp;apos;
Driver info: driver.version: EdgeDriver
remote stacktrace: Backtrace:
	GetHandleVerifier [0x00007FF605AE8FB2+65186]
	Microsoft::Applications::Events::EventProperty::EventProperty [0x00007FF605A7A972+772674]
	(No symbol) [0x00007FF60583C74C]
	(No symbol) [0x00007FF60586FCF3]
	(No symbol) [0x00007FF60586A684]
	(No symbol) [0x00007FF605865D4A]
	(No symbol) [0x00007FF6058A6375]
	(No symbol) [0x00007FF60589E3C3]
	(No symbol) [0x00007FF6058731AC]
	(No symbol) [0x00007FF605872396]
	(No symbol) [0x00007FF605873924]
	Microsoft::Applications::Events::ILogManager::DispatchEventBroadcast [0x00007FF605CC35E3+1306547]
	(No symbol) [0x00007FF6058EE198]
	Microsoft::Applications::Events::EventProperty::EventProperty [0x00007FF6059C68A1+35185]
	Microsoft::Applications::Events::EventProperty::EventProperty [0x00007FF6059BE76F+2111]
	Microsoft::Applications::Events::ILogManager::DispatchEventBroadcast [0x00007FF605CC2253+1301539]
	Microsoft::Applications::Events::ILogConfiguration::operator* [0x00007FF605A82688+20264]
	Microsoft::Applications::Events::ILogConfiguration::operator* [0x00007FF605A7ECC4+5476]
	Microsoft::Applications::Events::ILogConfiguration::operator* [0x00007FF605A7EDBC+5724]
	Microsoft::Applications::Events::EventProperty::EventProperty [0x00007FF605A73301+742353]
	BaseThreadInitThunk [0x00007FFA005B5590+16]
	RtlUserThreadStart [0x00007FFA01FA485B+43]
">
      <![CDATA[org.openqa.selenium.SessionNotCreatedException: session not created: This version of Microsoft Edge WebDriver only supports Microsoft Edge version 114
Current browser version is 112.0.1722.48 with binary path C:\Program Files (x86)\Microsoft\Edge\Application\msedge.exe
Build info: version: '3.141.59', revision: 'e82be7d358', time: '2018-11-14T08:17:03'
System info: host: 'CNLDLF2586', ip: '192.168.0.15', os.name: 'Windows 11', os.arch: 'amd64', os.version: '10.0', java.version: '17.0.3'
Driver info: driver.version: EdgeDriver
remote stacktrace: Backtrace:
GetHandleVerifier [0x00007FF605AE8FB2+65186]
Microsoft::Applications::Events::EventProperty::EventProperty [0x00007FF605A7A972+772674]
(No symbol) [0x00007FF60583C74C]
(No symbol) [0x00007FF60586FCF3]
(No symbol) [0x00007FF60586A684]
(No symbol) [0x00007FF605865D4A]
(No symbol) [0x00007FF6058A6375]
(No symbol) [0x00007FF60589E3C3]
(No symbol) [0x00007FF6058731AC]
(No symbol) [0x00007FF605872396]
(No symbol) [0x00007FF605873924]
Microsoft::Applications::Events::ILogManager::DispatchEventBroadcast [0x00007FF605CC35E3+1306547]
(No symbol) [0x00007FF6058EE198]
Microsoft::Applications::Events::EventProperty::EventProperty [0x00007FF6059C68A1+35185]
Microsoft::Applications::Events::EventProperty::EventProperty [0x00007FF6059BE76F+2111]
Microsoft::Applications::Events::ILogManager::DispatchEventBroadcast [0x00007FF605CC2253+1301539]
Microsoft::Applications::Events::ILogConfiguration::operator* [0x00007FF605A82688+20264]
Microsoft::Applications::Events::ILogConfiguration::operator* [0x00007FF605A7ECC4+5476]
Microsoft::Applications::Events::ILogConfiguration::operator* [0x00007FF605A7EDBC+5724]
Microsoft::Applications::Events::EventProperty::EventProperty [0x00007FF605A73301+742353]
BaseThreadInitThunk [0x00007FFA005B5590+16]
RtlUserThreadStart [0x00007FFA01FA485B+43]

at org.openqa.selenium.remote.W3CHandshakeResponse.lambda$errorHandler$0(W3CHandshakeResponse.java:62)
at org.openqa.selenium.remote.HandshakeResponse.lambda$getResponseFunction$0(HandshakeResponse.java:30)
at org.openqa.selenium.remote.ProtocolHandshake.lambda$createSession$0(ProtocolHandshake.java:126)
at java.base/java.util.stream.ReferencePipeline$3$1.accept(ReferencePipeline.java:197)
at java.base/java.util.Spliterators$ArraySpliterator.tryAdvance(Spliterators.java:1002)
at java.base/java.util.stream.ReferencePipeline.forEachWithCancel(ReferencePipeline.java:129)
at java.base/java.util.stream.AbstractPipeline.copyIntoWithCancel(AbstractPipeline.java:527)
at java.base/java.util.stream.AbstractPipeline.copyInto(AbstractPipeline.java:513)
at java.base/java.util.stream.AbstractPipeline.wrapAndCopyInto(AbstractPipeline.java:499)
at java.base/java.util.stream.FindOps$FindOp.evaluateSequential(FindOps.java:150)
at java.base/java.util.stream.AbstractPipeline.evaluate(AbstractPipeline.java:234)
at java.base/java.util.stream.ReferencePipeline.findFirst(ReferencePipeline.java:647)
at org.openqa.selenium.remote.ProtocolHandshake.createSession(ProtocolHandshake.java:128)
at org.openqa.selenium.remote.ProtocolHandshake.createSession(ProtocolHandshake.java:74)
at org.openqa.selenium.remote.HttpCommandExecutor.execute(HttpCommandExecutor.java:136)
at org.openqa.selenium.remote.service.DriverCommandExecutor.execute(DriverCommandExecutor.java:83)
at org.openqa.selenium.remote.RemoteWebDriver.execute(RemoteWebDriver.java:552)
at org.openqa.selenium.remote.RemoteWebDriver.startSession(RemoteWebDriver.java:213)
at org.openqa.selenium.remote.RemoteWebDriver.<init>(RemoteWebDriver.java:131)
at org.openqa.selenium.edge.EdgeDriver.<init>(EdgeDriver.java:141)
at org.openqa.selenium.edge.EdgeDriver.<init>(EdgeDriver.java:96)
at com.qa.testscript.TestBase.setUp(TestBase.java:34)
at java.base/java.util.concurrent.ThreadPoolExecutor.runWorker(ThreadPoolExecutor.java:1136)
at java.base/java.util.concurrent.ThreadPoolExecutor$Worker.run(ThreadPoolExecutor.java:635)
at java.base/java.lang.Thread.run(Thread.java:833)
... Removed 15 stack frames]]>
    </failure>
  </testcase> <!-- @BeforeClass setUp -->
  <testcase classname="com.qa.testscript.TestBase" name="@AfterClass tearDown" time="-1.682059602314E9">
    <skipped/>
  </testcase> <!-- @AfterClass tearDown -->
  <testcase classname="com.qa.testscript.TestBase" name="@AfterClass tearDown" time="-1.682059605956E9">
    <skipped/>
  </testcase> <!-- @AfterClass tearDown -->
  <testcase classname="com.qa.testscript.TC_JiomartFilters_005" name="ApplyDiscountFilter" time="0.0">
    <skipped/>
  </testcase> <!-- ApplyDiscountFilter -->
  <testcase classname="com.qa.testscript.TC_JiomartFilters_004" name="ApplyPriceFilter" time="0.0">
    <skipped/>
  </testcase> <!-- ApplyPriceFilter -->
  <testcase classname="com.qa.testscript.TC_JiomartFilters_007" name="BrandSearchOption" time="0.0">
    <skipped/>
  </testcase> <!-- BrandSearchOption -->
  <testcase classname="com.qa.testscript.TC_JiomartFilters_007" name="BrandSearchOption" time="0.0">
    <skipped/>
  </testcase> <!-- BrandSearchOption -->
  <testcase classname="com.qa.testscript.TC_JiomartFilters_007" name="BrandSearchOption" time="0.0">
    <skipped/>
  </testcase> <!-- BrandSearchOption -->
  <testcase classname="com.qa.testscript.TC_JiomartFilters_007" name="BrandSearchOption" time="0.0">
    <skipped/>
  </testcase> <!-- BrandSearchOption -->
</testsuite> <!-- Functional Testing - Edge -->
