<?xml version="1.0" encoding="UTF-8"?>
<!-- Generated by org.testng.reporters.JUnitReportReporter -->
<testsuite hostname="CNLDLF2586" failures="0" tests="2" name="com.qa.testscript.TC_JiomartFilters_004" time="16.764" errors="1" timestamp="2023-04-21T12:17:13 IST" skipped="1">
  <testcase classname="com.qa.testscript.TC_JiomartFilters_004" name="setUp" time="16.764">
    <error message="session not created: This version of Microsoft Edge WebDriver only supports Microsoft Edge version 114
Current browser version is 112.0.1722.48 with binary path C:\Program Files (x86)\Microsoft\Edge\Application\msedge.exe
Build info: version: &#039;3.141.59&#039;, revision: &#039;e82be7d358&#039;, time: &#039;2018-11-14T08:17:03&#039;
System info: host: &#039;CNLDLF2586&#039;, ip: &#039;192.168.0.15&#039;, os.name: &#039;Windows 11&#039;, os.arch: &#039;amd64&#039;, os.version: &#039;10.0&#039;, java.version: &#039;17.0.3&#039;
Driver info: driver.version: EdgeDriver
remote stacktrace: Backtrace:
	GetHandleVerifier [0x00007FF605AE8FB2+65186]
	Microsoft::Applications::Events::EventProperty::EventProperty [0x00007FF605A7A972+772674]
	(No symbol) [0x00007FF60583C74C]
	(No symbol) [0x00007FF60586FCF3]
	(No symbol) [0x00007FF60586A684]
	(No symbol) [0x00007FF605865D4A]
	(No symbol) [0x00007FF6058A6375]
	(No symbol) [0x00007FF60589E3C3]
	(No symbol) [0x00007FF6058731AC]
	(No symbol) [0x00007FF605872396]
	(No symbol) [0x00007FF605873924]
	Microsoft::Applications::Events::ILogManager::DispatchEventBroadcast [0x00007FF605CC35E3+1306547]
	(No symbol) [0x00007FF6058EE198]
	Microsoft::Applications::Events::EventProperty::EventProperty [0x00007FF6059C68A1+35185]
	Microsoft::Applications::Events::EventProperty::EventProperty [0x00007FF6059BE76F+2111]
	Microsoft::Applications::Events::ILogManager::DispatchEventBroadcast [0x00007FF605CC2253+1301539]
	Microsoft::Applications::Events::ILogConfiguration::operator* [0x00007FF605A82688+20264]
	Microsoft::Applications::Events::ILogConfiguration::operator* [0x00007FF605A7ECC4+5476]
	Microsoft::Applications::Events::ILogConfiguration::operator* [0x00007FF605A7EDBC+5724]
	Microsoft::Applications::Events::EventProperty::EventProperty [0x00007FF605A73301+742353]
	BaseThreadInitThunk [0x00007FFA005B5590+16]
	RtlUserThreadStart [0x00007FFA01FA485B+43]
" type="org.openqa.selenium.SessionNotCreatedException">
      <![CDATA[org.openqa.selenium.SessionNotCreatedException: session not created: This version of Microsoft Edge WebDriver only supports Microsoft Edge version 114
Current browser version is 112.0.1722.48 with binary path C:\Program Files (x86)\Microsoft\Edge\Application\msedge.exe
Build info: version: '3.141.59', revision: 'e82be7d358', time: '2018-11-14T08:17:03'
System info: host: 'CNLDLF2586', ip: '192.168.0.15', os.name: 'Windows 11', os.arch: 'amd64', os.version: '10.0', java.version: '17.0.3'
Driver info: driver.version: EdgeDriver
remote stacktrace: Backtrace:
GetHandleVerifier [0x00007FF605AE8FB2+65186]
Microsoft::Applications::Events::EventProperty::EventProperty [0x00007FF605A7A972+772674]
(No symbol) [0x00007FF60583C74C]
(No symbol) [0x00007FF60586FCF3]
(No symbol) [0x00007FF60586A684]
(No symbol) [0x00007FF605865D4A]
(No symbol) [0x00007FF6058A6375]
(No symbol) [0x00007FF60589E3C3]
(No symbol) [0x00007FF6058731AC]
(No symbol) [0x00007FF605872396]
(No symbol) [0x00007FF605873924]
Microsoft::Applications::Events::ILogManager::DispatchEventBroadcast [0x00007FF605CC35E3+1306547]
(No symbol) [0x00007FF6058EE198]
Microsoft::Applications::Events::EventProperty::EventProperty [0x00007FF6059C68A1+35185]
Microsoft::Applications::Events::EventProperty::EventProperty [0x00007FF6059BE76F+2111]
Microsoft::Applications::Events::ILogManager::DispatchEventBroadcast [0x00007FF605CC2253+1301539]
Microsoft::Applications::Events::ILogConfiguration::operator* [0x00007FF605A82688+20264]
Microsoft::Applications::Events::ILogConfiguration::operator* [0x00007FF605A7ECC4+5476]
Microsoft::Applications::Events::ILogConfiguration::operator* [0x00007FF605A7EDBC+5724]
Microsoft::Applications::Events::EventProperty::EventProperty [0x00007FF605A73301+742353]
BaseThreadInitThunk [0x00007FFA005B5590+16]
RtlUserThreadStart [0x00007FFA01FA485B+43]

at java.base/jdk.internal.reflect.NativeConstructorAccessorImpl.newInstance0(Native Method)
at java.base/jdk.internal.reflect.NativeConstructorAccessorImpl.newInstance(NativeConstructorAccessorImpl.java:77)
at java.base/jdk.internal.reflect.DelegatingConstructorAccessorImpl.newInstance(DelegatingConstructorAccessorImpl.java:45)
at java.base/java.lang.reflect.Constructor.newInstanceWithCaller(Constructor.java:499)
at java.base/java.lang.reflect.Constructor.newInstance(Constructor.java:480)
at org.openqa.selenium.remote.W3CHandshakeResponse.lambda$errorHandler$0(W3CHandshakeResponse.java:62)
at org.openqa.selenium.remote.HandshakeResponse.lambda$getResponseFunction$0(HandshakeResponse.java:30)
at org.openqa.selenium.remote.ProtocolHandshake.lambda$createSession$0(ProtocolHandshake.java:126)
at java.base/java.util.stream.ReferencePipeline$3$1.accept(ReferencePipeline.java:197)
at java.base/java.util.Spliterators$ArraySpliterator.tryAdvance(Spliterators.java:1002)
at java.base/java.util.stream.ReferencePipeline.forEachWithCancel(ReferencePipeline.java:129)
at java.base/java.util.stream.AbstractPipeline.copyIntoWithCancel(AbstractPipeline.java:527)
at java.base/java.util.stream.AbstractPipeline.copyInto(AbstractPipeline.java:513)
at java.base/java.util.stream.AbstractPipeline.wrapAndCopyInto(AbstractPipeline.java:499)
at java.base/java.util.stream.FindOps$FindOp.evaluateSequential(FindOps.java:150)
at java.base/java.util.stream.AbstractPipeline.evaluate(AbstractPipeline.java:234)
at java.base/java.util.stream.ReferencePipeline.findFirst(ReferencePipeline.java:647)
at org.openqa.selenium.remote.ProtocolHandshake.createSession(ProtocolHandshake.java:128)
at org.openqa.selenium.remote.ProtocolHandshake.createSession(ProtocolHandshake.java:74)
at org.openqa.selenium.remote.HttpCommandExecutor.execute(HttpCommandExecutor.java:136)
at org.openqa.selenium.remote.service.DriverCommandExecutor.execute(DriverCommandExecutor.java:83)
at org.openqa.selenium.remote.RemoteWebDriver.execute(RemoteWebDriver.java:552)
at org.openqa.selenium.remote.RemoteWebDriver.startSession(RemoteWebDriver.java:213)
at org.openqa.selenium.remote.RemoteWebDriver.<init>(RemoteWebDriver.java:131)
at org.openqa.selenium.edge.EdgeDriver.<init>(EdgeDriver.java:141)
at org.openqa.selenium.edge.EdgeDriver.<init>(EdgeDriver.java:96)
at com.qa.testscript.TestBase.setUp(TestBase.java:34)
at java.base/jdk.internal.reflect.NativeMethodAccessorImpl.invoke0(Native Method)
at java.base/jdk.internal.reflect.NativeMethodAccessorImpl.invoke(NativeMethodAccessorImpl.java:77)
at java.base/jdk.internal.reflect.DelegatingMethodAccessorImpl.invoke(DelegatingMethodAccessorImpl.java:43)
at java.base/java.lang.reflect.Method.invoke(Method.java:568)
at org.testng.internal.MethodInvocationHelper.invokeMethod(MethodInvocationHelper.java:133)
at org.testng.internal.MethodInvocationHelper.invokeMethodConsideringTimeout(MethodInvocationHelper.java:62)
at org.testng.internal.ConfigInvoker.invokeConfigurationMethod(ConfigInvoker.java:385)
at org.testng.internal.ConfigInvoker.invokeConfigurations(ConfigInvoker.java:321)
at org.testng.internal.TestMethodWorker.invokeBeforeClassMethods(TestMethodWorker.java:176)
at org.testng.internal.TestMethodWorker.run(TestMethodWorker.java:122)
at java.base/java.util.concurrent.ThreadPoolExecutor.runWorker(ThreadPoolExecutor.java:1136)
at java.base/java.util.concurrent.ThreadPoolExecutor$Worker.run(ThreadPoolExecutor.java:635)
at java.base/java.lang.Thread.run(Thread.java:833)
]]>
    </error>
  </testcase> <!-- setUp -->
  <system-out/>
  <testcase classname="com.qa.testscript.TC_JiomartFilters_004" name="ApplyPriceFilter" time="0.000">
    <skipped/>
  </testcase> <!-- ApplyPriceFilter -->
  <system-out/>
</testsuite> <!-- com.qa.testscript.TC_JiomartFilters_004 -->
